NOTE: Picked up JDK_JAVA_OPTIONS:  --add-opens=java.base/java.lang=ALL-UNNAMED --add-opens=java.base/java.lang.invoke=ALL-UNNAMED --add-opens=java.base/java.lang.reflect=ALL-UNNAMED --add-opens=java.base/java.io=ALL-UNNAMED --add-opens=java.base/java.util=ALL-UNNAMED --add-opens=java.base/java.util.concurrent=ALL-UNNAMED --add-opens=java.rmi/sun.rmi.transport=ALL-UNNAMED
06-Jun-2025 17:37:41.423 INFO [main] org.apache.catalina.startup.VersionLoggerListener.log Server version name:   Apache Tomcat/9.0.105
06-Jun-2025 17:37:41.436 INFO [main] org.apache.catalina.startup.VersionLoggerListener.log Server built:          May 7 2025 18:36:02 UTC
06-Jun-2025 17:37:41.437 INFO [main] org.apache.catalina.startup.VersionLoggerListener.log Server version number: 9.0.105.0
06-Jun-2025 17:37:41.437 INFO [main] org.apache.catalina.startup.VersionLoggerListener.log OS Name:               Linux
06-Jun-2025 17:37:41.437 INFO [main] org.apache.catalina.startup.VersionLoggerListener.log OS Version:            5.10.237-230.948.amzn2.x86_64
06-Jun-2025 17:37:41.437 INFO [main] org.apache.catalina.startup.VersionLoggerListener.log Architecture:          amd64
06-Jun-2025 17:37:41.437 INFO [main] org.apache.catalina.startup.VersionLoggerListener.log Java Home:             /usr/lib/jvm/java-17-amazon-corretto.x86_64
06-Jun-2025 17:37:41.438 INFO [main] org.apache.catalina.startup.VersionLoggerListener.log JVM Version:           17.0.15+6-LTS
06-Jun-2025 17:37:41.438 INFO [main] org.apache.catalina.startup.VersionLoggerListener.log JVM Vendor:            Amazon.com Inc.
06-Jun-2025 17:37:41.440 INFO [main] org.apache.catalina.startup.VersionLoggerListener.log CATALINA_BASE:         /home/ec2-user/apache-tomcat-9.0.105
06-Jun-2025 17:37:41.440 INFO [main] org.apache.catalina.startup.VersionLoggerListener.log CATALINA_HOME:         /home/ec2-user/apache-tomcat-9.0.105
06-Jun-2025 17:37:41.455 INFO [main] org.apache.catalina.startup.VersionLoggerListener.log Command line argument: --add-opens=java.base/java.lang=ALL-UNNAMED
06-Jun-2025 17:37:41.455 INFO [main] org.apache.catalina.startup.VersionLoggerListener.log Command line argument: --add-opens=java.base/java.lang.invoke=ALL-UNNAMED
06-Jun-2025 17:37:41.455 INFO [main] org.apache.catalina.startup.VersionLoggerListener.log Command line argument: --add-opens=java.base/java.lang.reflect=ALL-UNNAMED
06-Jun-2025 17:37:41.455 INFO [main] org.apache.catalina.startup.VersionLoggerListener.log Command line argument: --add-opens=java.base/java.io=ALL-UNNAMED
06-Jun-2025 17:37:41.455 INFO [main] org.apache.catalina.startup.VersionLoggerListener.log Command line argument: --add-opens=java.base/java.util=ALL-UNNAMED
06-Jun-2025 17:37:41.455 INFO [main] org.apache.catalina.startup.VersionLoggerListener.log Command line argument: --add-opens=java.base/java.util.concurrent=ALL-UNNAMED
06-Jun-2025 17:37:41.455 INFO [main] org.apache.catalina.startup.VersionLoggerListener.log Command line argument: --add-opens=java.rmi/sun.rmi.transport=ALL-UNNAMED
06-Jun-2025 17:37:41.455 INFO [main] org.apache.catalina.startup.VersionLoggerListener.log Command line argument: -Djava.util.logging.config.file=/home/ec2-user/apache-tomcat-9.0.105/conf/logging.properties
06-Jun-2025 17:37:41.455 INFO [main] org.apache.catalina.startup.VersionLoggerListener.log Command line argument: -Djava.util.logging.manager=org.apache.juli.ClassLoaderLogManager
06-Jun-2025 17:37:41.455 INFO [main] org.apache.catalina.startup.VersionLoggerListener.log Command line argument: -Djdk.tls.ephemeralDHKeySize=2048
06-Jun-2025 17:37:41.455 INFO [main] org.apache.catalina.startup.VersionLoggerListener.log Command line argument: -Djava.protocol.handler.pkgs=org.apache.catalina.webresources
06-Jun-2025 17:37:41.455 INFO [main] org.apache.catalina.startup.VersionLoggerListener.log Command line argument: -Dsun.io.useCanonCaches=false
06-Jun-2025 17:37:41.470 INFO [main] org.apache.catalina.startup.VersionLoggerListener.log Command line argument: -Dorg.apache.catalina.security.SecurityListener.UMASK=0027
06-Jun-2025 17:37:41.470 INFO [main] org.apache.catalina.startup.VersionLoggerListener.log Command line argument: -Dignore.endorsed.dirs=
06-Jun-2025 17:37:41.470 INFO [main] org.apache.catalina.startup.VersionLoggerListener.log Command line argument: -Dcatalina.base=/home/ec2-user/apache-tomcat-9.0.105
06-Jun-2025 17:37:41.470 INFO [main] org.apache.catalina.startup.VersionLoggerListener.log Command line argument: -Dcatalina.home=/home/ec2-user/apache-tomcat-9.0.105
06-Jun-2025 17:37:41.470 INFO [main] org.apache.catalina.startup.VersionLoggerListener.log Command line argument: -Djava.io.tmpdir=/home/ec2-user/apache-tomcat-9.0.105/temp
06-Jun-2025 17:37:41.471 INFO [main] org.apache.catalina.core.AprLifecycleListener.lifecycleEvent The Apache Tomcat Native library which allows using OpenSSL was not found on the java.library.path: [/usr/java/packages/lib:/usr/lib64:/lib64:/lib:/usr/lib]
06-Jun-2025 17:37:42.144 INFO [main] org.apache.coyote.AbstractProtocol.init Initializing ProtocolHandler ["http-nio-8080"]
06-Jun-2025 17:37:42.178 SEVERE [main] org.apache.catalina.util.LifecycleBase.handleSubClassException Failed to initialize component [Connector["http-nio-8080"]]
	org.apache.catalina.LifecycleException: Protocol handler initialization failed
		at org.apache.catalina.connector.Connector.initInternal(Connector.java:1048)
		at org.apache.catalina.util.LifecycleBase.init(LifecycleBase.java:122)
		at org.apache.catalina.core.StandardService.initInternal(StandardService.java:522)
		at org.apache.catalina.util.LifecycleBase.init(LifecycleBase.java:122)
		at org.apache.catalina.core.StandardServer.initInternal(StandardServer.java:986)
		at org.apache.catalina.util.LifecycleBase.init(LifecycleBase.java:122)
		at org.apache.catalina.startup.Catalina.load(Catalina.java:690)
		at org.apache.catalina.startup.Catalina.load(Catalina.java:713)
		at java.base/jdk.internal.reflect.NativeMethodAccessorImpl.invoke0(Native Method)
		at java.base/jdk.internal.reflect.NativeMethodAccessorImpl.invoke(NativeMethodAccessorImpl.java:77)
		at java.base/jdk.internal.reflect.DelegatingMethodAccessorImpl.invoke(DelegatingMethodAccessorImpl.java:43)
		at java.base/java.lang.reflect.Method.invoke(Method.java:569)
		at org.apache.catalina.startup.Bootstrap.load(Bootstrap.java:302)
		at org.apache.catalina.startup.Bootstrap.main(Bootstrap.java:475)
	Caused by: java.net.BindException: Address already in use
		at java.base/sun.nio.ch.Net.bind0(Native Method)
		at java.base/sun.nio.ch.Net.bind(Net.java:555)
		at java.base/sun.nio.ch.ServerSocketChannelImpl.netBind(ServerSocketChannelImpl.java:337)
		at java.base/sun.nio.ch.ServerSocketChannelImpl.bind(ServerSocketChannelImpl.java:294)
		at org.apache.tomcat.util.net.NioEndpoint.initServerSocket(NioEndpoint.java:268)
		at org.apache.tomcat.util.net.NioEndpoint.bind(NioEndpoint.java:223)
		at org.apache.tomcat.util.net.AbstractEndpoint.bindWithCleanup(AbstractEndpoint.java:1373)
		at org.apache.tomcat.util.net.AbstractEndpoint.init(AbstractEndpoint.java:1386)
		at org.apache.coyote.AbstractProtocol.init(AbstractProtocol.java:663)
		at org.apache.coyote.http11.AbstractHttp11Protocol.init(AbstractHttp11Protocol.java:80)
		at org.apache.catalina.connector.Connector.initInternal(Connector.java:1046)
		... 13 more
06-Jun-2025 17:37:42.179 INFO [main] org.apache.catalina.startup.Catalina.load Server initialization in [1216] milliseconds
06-Jun-2025 17:37:42.272 INFO [main] org.apache.catalina.core.StandardService.startInternal Starting service [Catalina]
06-Jun-2025 17:37:42.272 INFO [main] org.apache.catalina.core.StandardEngine.startInternal Starting Servlet engine: [Apache Tomcat/9.0.105]
06-Jun-2025 17:37:42.291 INFO [main] org.apache.catalina.startup.HostConfig.deployDirectory Deploying web application directory [/home/ec2-user/apache-tomcat-9.0.105/webapps/ROOT]
06-Jun-2025 17:37:42.839 INFO [main] org.apache.catalina.startup.HostConfig.deployDirectory Deployment of web application directory [/home/ec2-user/apache-tomcat-9.0.105/webapps/ROOT] has finished in [547] ms
06-Jun-2025 17:37:42.839 INFO [main] org.apache.catalina.startup.HostConfig.deployDirectory Deploying web application directory [/home/ec2-user/apache-tomcat-9.0.105/webapps/docs]
06-Jun-2025 17:37:42.885 INFO [main] org.apache.catalina.startup.HostConfig.deployDirectory Deployment of web application directory [/home/ec2-user/apache-tomcat-9.0.105/webapps/docs] has finished in [46] ms
06-Jun-2025 17:37:42.887 INFO [main] org.apache.catalina.startup.HostConfig.deployDirectory Deploying web application directory [/home/ec2-user/apache-tomcat-9.0.105/webapps/examples]
06-Jun-2025 17:37:43.391 INFO [main] org.apache.catalina.startup.HostConfig.deployDirectory Deployment of web application directory [/home/ec2-user/apache-tomcat-9.0.105/webapps/examples] has finished in [504] ms
06-Jun-2025 17:37:43.391 INFO [main] org.apache.catalina.startup.HostConfig.deployDirectory Deploying web application directory [/home/ec2-user/apache-tomcat-9.0.105/webapps/host-manager]
06-Jun-2025 17:37:43.444 INFO [main] org.apache.catalina.startup.HostConfig.deployDirectory Deployment of web application directory [/home/ec2-user/apache-tomcat-9.0.105/webapps/host-manager] has finished in [53] ms
06-Jun-2025 17:37:43.447 INFO [main] org.apache.catalina.startup.HostConfig.deployDirectory Deploying web application directory [/home/ec2-user/apache-tomcat-9.0.105/webapps/manager]
06-Jun-2025 17:37:43.488 INFO [main] org.apache.catalina.startup.HostConfig.deployDirectory Deployment of web application directory [/home/ec2-user/apache-tomcat-9.0.105/webapps/manager] has finished in [41] ms
06-Jun-2025 17:37:43.497 INFO [main] org.apache.catalina.startup.Catalina.start Server startup in [1317] milliseconds
06-Jun-2025 17:44:33.549 INFO [Catalina-utility-1] org.apache.catalina.startup.HostConfig.undeploy Undeploying context [/manager]
06-Jun-2025 17:44:33.579 INFO [Catalina-utility-1] org.apache.catalina.startup.HostConfig.deployDirectory Deploying web application directory [/home/ec2-user/apache-tomcat-9.0.105/webapps/manager]
06-Jun-2025 17:44:33.621 INFO [Catalina-utility-1] org.apache.catalina.startup.HostConfig.deployDirectory Deployment of web application directory [/home/ec2-user/apache-tomcat-9.0.105/webapps/manager] has finished in [42] ms
06-Jun-2025 17:49:13.648 INFO [Catalina-utility-1] org.apache.catalina.users.MemoryUserDatabase.backgroundProcess Reloading memory user database [UserDatabase] from updated source [file:/home/ec2-user/apache-tomcat-9.0.105/conf/tomcat-users.xml]
NOTE: Picked up JDK_JAVA_OPTIONS:  --add-opens=java.base/java.lang=ALL-UNNAMED --add-opens=java.base/java.lang.invoke=ALL-UNNAMED --add-opens=java.base/java.lang.reflect=ALL-UNNAMED --add-opens=java.base/java.io=ALL-UNNAMED --add-opens=java.base/java.util=ALL-UNNAMED --add-opens=java.base/java.util.concurrent=ALL-UNNAMED --add-opens=java.rmi/sun.rmi.transport=ALL-UNNAMED
06-Jun-2025 17:49:40.611 INFO [main] org.apache.catalina.startup.VersionLoggerListener.log Server version name:   Apache Tomcat/9.0.105
06-Jun-2025 17:49:40.625 INFO [main] org.apache.catalina.startup.VersionLoggerListener.log Server built:          May 7 2025 18:36:02 UTC
06-Jun-2025 17:49:40.625 INFO [main] org.apache.catalina.startup.VersionLoggerListener.log Server version number: 9.0.105.0
06-Jun-2025 17:49:40.626 INFO [main] org.apache.catalina.startup.VersionLoggerListener.log OS Name:               Linux
06-Jun-2025 17:49:40.626 INFO [main] org.apache.catalina.startup.VersionLoggerListener.log OS Version:            5.10.237-230.948.amzn2.x86_64
06-Jun-2025 17:49:40.626 INFO [main] org.apache.catalina.startup.VersionLoggerListener.log Architecture:          amd64
06-Jun-2025 17:49:40.626 INFO [main] org.apache.catalina.startup.VersionLoggerListener.log Java Home:             /usr/lib/jvm/java-17-amazon-corretto.x86_64
06-Jun-2025 17:49:40.626 INFO [main] org.apache.catalina.startup.VersionLoggerListener.log JVM Version:           17.0.15+6-LTS
06-Jun-2025 17:49:40.626 INFO [main] org.apache.catalina.startup.VersionLoggerListener.log JVM Vendor:            Amazon.com Inc.
06-Jun-2025 17:49:40.626 INFO [main] org.apache.catalina.startup.VersionLoggerListener.log CATALINA_BASE:         /home/ec2-user/apache-tomcat-9.0.105
06-Jun-2025 17:49:40.626 INFO [main] org.apache.catalina.startup.VersionLoggerListener.log CATALINA_HOME:         /home/ec2-user/apache-tomcat-9.0.105
06-Jun-2025 17:49:40.638 INFO [main] org.apache.catalina.startup.VersionLoggerListener.log Command line argument: --add-opens=java.base/java.lang=ALL-UNNAMED
06-Jun-2025 17:49:40.638 INFO [main] org.apache.catalina.startup.VersionLoggerListener.log Command line argument: --add-opens=java.base/java.lang.invoke=ALL-UNNAMED
06-Jun-2025 17:49:40.638 INFO [main] org.apache.catalina.startup.VersionLoggerListener.log Command line argument: --add-opens=java.base/java.lang.reflect=ALL-UNNAMED
06-Jun-2025 17:49:40.638 INFO [main] org.apache.catalina.startup.VersionLoggerListener.log Command line argument: --add-opens=java.base/java.io=ALL-UNNAMED
06-Jun-2025 17:49:40.638 INFO [main] org.apache.catalina.startup.VersionLoggerListener.log Command line argument: --add-opens=java.base/java.util=ALL-UNNAMED
06-Jun-2025 17:49:40.638 INFO [main] org.apache.catalina.startup.VersionLoggerListener.log Command line argument: --add-opens=java.base/java.util.concurrent=ALL-UNNAMED
06-Jun-2025 17:49:40.638 INFO [main] org.apache.catalina.startup.VersionLoggerListener.log Command line argument: --add-opens=java.rmi/sun.rmi.transport=ALL-UNNAMED
06-Jun-2025 17:49:40.638 INFO [main] org.apache.catalina.startup.VersionLoggerListener.log Command line argument: -Djava.util.logging.config.file=/home/ec2-user/apache-tomcat-9.0.105/conf/logging.properties
06-Jun-2025 17:49:40.638 INFO [main] org.apache.catalina.startup.VersionLoggerListener.log Command line argument: -Djava.util.logging.manager=org.apache.juli.ClassLoaderLogManager
06-Jun-2025 17:49:40.645 INFO [main] org.apache.catalina.startup.VersionLoggerListener.log Command line argument: -Djdk.tls.ephemeralDHKeySize=2048
06-Jun-2025 17:49:40.645 INFO [main] org.apache.catalina.startup.VersionLoggerListener.log Command line argument: -Djava.protocol.handler.pkgs=org.apache.catalina.webresources
06-Jun-2025 17:49:40.646 INFO [main] org.apache.catalina.startup.VersionLoggerListener.log Command line argument: -Dsun.io.useCanonCaches=false
06-Jun-2025 17:49:40.646 INFO [main] org.apache.catalina.startup.VersionLoggerListener.log Command line argument: -Dorg.apache.catalina.security.SecurityListener.UMASK=0027
06-Jun-2025 17:49:40.646 INFO [main] org.apache.catalina.startup.VersionLoggerListener.log Command line argument: -Dignore.endorsed.dirs=
06-Jun-2025 17:49:40.646 INFO [main] org.apache.catalina.startup.VersionLoggerListener.log Command line argument: -Dcatalina.base=/home/ec2-user/apache-tomcat-9.0.105
06-Jun-2025 17:49:40.646 INFO [main] org.apache.catalina.startup.VersionLoggerListener.log Command line argument: -Dcatalina.home=/home/ec2-user/apache-tomcat-9.0.105
06-Jun-2025 17:49:40.646 INFO [main] org.apache.catalina.startup.VersionLoggerListener.log Command line argument: -Djava.io.tmpdir=/home/ec2-user/apache-tomcat-9.0.105/temp
06-Jun-2025 17:49:40.649 INFO [main] org.apache.catalina.core.AprLifecycleListener.lifecycleEvent The Apache Tomcat Native library which allows using OpenSSL was not found on the java.library.path: [/usr/java/packages/lib:/usr/lib64:/lib64:/lib:/usr/lib]
06-Jun-2025 17:49:41.317 INFO [main] org.apache.coyote.AbstractProtocol.init Initializing ProtocolHandler ["http-nio-9999"]
06-Jun-2025 17:49:41.369 INFO [main] org.apache.catalina.startup.Catalina.load Server initialization in [1166] milliseconds
06-Jun-2025 17:49:41.456 INFO [main] org.apache.catalina.core.StandardService.startInternal Starting service [Catalina]
06-Jun-2025 17:49:41.456 INFO [main] org.apache.catalina.core.StandardEngine.startInternal Starting Servlet engine: [Apache Tomcat/9.0.105]
06-Jun-2025 17:49:41.469 INFO [main] org.apache.catalina.startup.HostConfig.deployDirectory Deploying web application directory [/home/ec2-user/apache-tomcat-9.0.105/webapps/ROOT]
06-Jun-2025 17:49:42.002 INFO [main] org.apache.catalina.startup.HostConfig.deployDirectory Deployment of web application directory [/home/ec2-user/apache-tomcat-9.0.105/webapps/ROOT] has finished in [533] ms
06-Jun-2025 17:49:42.007 INFO [main] org.apache.catalina.startup.HostConfig.deployDirectory Deploying web application directory [/home/ec2-user/apache-tomcat-9.0.105/webapps/docs]
06-Jun-2025 17:49:42.055 INFO [main] org.apache.catalina.startup.HostConfig.deployDirectory Deployment of web application directory [/home/ec2-user/apache-tomcat-9.0.105/webapps/docs] has finished in [47] ms
06-Jun-2025 17:49:42.056 INFO [main] org.apache.catalina.startup.HostConfig.deployDirectory Deploying web application directory [/home/ec2-user/apache-tomcat-9.0.105/webapps/examples]
06-Jun-2025 17:49:42.519 INFO [main] org.apache.catalina.startup.HostConfig.deployDirectory Deployment of web application directory [/home/ec2-user/apache-tomcat-9.0.105/webapps/examples] has finished in [463] ms
06-Jun-2025 17:49:42.521 INFO [main] org.apache.catalina.startup.HostConfig.deployDirectory Deploying web application directory [/home/ec2-user/apache-tomcat-9.0.105/webapps/host-manager]
06-Jun-2025 17:49:42.576 INFO [main] org.apache.catalina.startup.HostConfig.deployDirectory Deployment of web application directory [/home/ec2-user/apache-tomcat-9.0.105/webapps/host-manager] has finished in [55] ms
06-Jun-2025 17:49:42.578 INFO [main] org.apache.catalina.startup.HostConfig.deployDirectory Deploying web application directory [/home/ec2-user/apache-tomcat-9.0.105/webapps/manager]
06-Jun-2025 17:49:42.636 INFO [main] org.apache.catalina.startup.HostConfig.deployDirectory Deployment of web application directory [/home/ec2-user/apache-tomcat-9.0.105/webapps/manager] has finished in [58] ms
06-Jun-2025 17:49:42.648 INFO [main] org.apache.coyote.AbstractProtocol.start Starting ProtocolHandler ["http-nio-9999"]
06-Jun-2025 17:49:42.690 INFO [main] org.apache.catalina.startup.Catalina.start Server startup in [1320] milliseconds
06-Jun-2025 17:49:42.693 SEVERE [main] org.apache.catalina.core.StandardServer.await Failed to create server shutdown socket on address [localhost] and port [8005] (base port [8005] and offset [0])
	java.net.BindException: Address already in use
		at java.base/sun.nio.ch.Net.bind0(Native Method)
		at java.base/sun.nio.ch.Net.bind(Net.java:555)
		at java.base/sun.nio.ch.Net.bind(Net.java:544)
		at java.base/sun.nio.ch.NioSocketImpl.bind(NioSocketImpl.java:648)
		at java.base/java.net.ServerSocket.bind(ServerSocket.java:388)
		at java.base/java.net.ServerSocket.<init>(ServerSocket.java:274)
		at org.apache.catalina.core.StandardServer.await(StandardServer.java:537)
		at org.apache.catalina.startup.Catalina.await(Catalina.java:829)
		at org.apache.catalina.startup.Catalina.start(Catalina.java:777)
		at java.base/jdk.internal.reflect.NativeMethodAccessorImpl.invoke0(Native Method)
		at java.base/jdk.internal.reflect.NativeMethodAccessorImpl.invoke(NativeMethodAccessorImpl.java:77)
		at java.base/jdk.internal.reflect.DelegatingMethodAccessorImpl.invoke(DelegatingMethodAccessorImpl.java:43)
		at java.base/java.lang.reflect.Method.invoke(Method.java:569)
		at org.apache.catalina.startup.Bootstrap.start(Bootstrap.java:345)
		at org.apache.catalina.startup.Bootstrap.main(Bootstrap.java:476)
06-Jun-2025 17:49:42.695 INFO [main] org.apache.coyote.AbstractProtocol.pause Pausing ProtocolHandler ["http-nio-9999"]
06-Jun-2025 17:49:42.700 INFO [main] org.apache.catalina.core.StandardService.stopInternal Stopping service [Catalina]
06-Jun-2025 17:49:42.751 INFO [main] org.apache.coyote.AbstractProtocol.stop Stopping ProtocolHandler ["http-nio-9999"]
06-Jun-2025 17:49:42.763 INFO [main] org.apache.coyote.AbstractProtocol.destroy Destroying ProtocolHandler ["http-nio-9999"]
06-Jun-2025 17:49:55.034 INFO [main] org.apache.catalina.core.StandardServer.await A valid shutdown command was received via the shutdown port. Stopping the Server instance.
06-Jun-2025 17:49:55.034 INFO [main] org.apache.coyote.AbstractProtocol.pause Pausing ProtocolHandler ["http-nio-8080"]
06-Jun-2025 17:49:55.034 INFO [main] org.apache.catalina.core.StandardService.stopInternal Stopping service [Catalina]
06-Jun-2025 17:49:55.076 INFO [main] org.apache.coyote.AbstractProtocol.stop Stopping ProtocolHandler ["http-nio-8080"]
06-Jun-2025 17:49:55.077 INFO [main] org.apache.coyote.AbstractProtocol.destroy Destroying ProtocolHandler ["http-nio-8080"]
NOTE: Picked up JDK_JAVA_OPTIONS:  --add-opens=java.base/java.lang=ALL-UNNAMED --add-opens=java.base/java.lang.invoke=ALL-UNNAMED --add-opens=java.base/java.lang.reflect=ALL-UNNAMED --add-opens=java.base/java.io=ALL-UNNAMED --add-opens=java.base/java.util=ALL-UNNAMED --add-opens=java.base/java.util.concurrent=ALL-UNNAMED --add-opens=java.rmi/sun.rmi.transport=ALL-UNNAMED
06-Jun-2025 17:51:23.887 INFO [main] org.apache.catalina.startup.VersionLoggerListener.log Server version name:   Apache Tomcat/9.0.105
06-Jun-2025 17:51:23.899 INFO [main] org.apache.catalina.startup.VersionLoggerListener.log Server built:          May 7 2025 18:36:02 UTC
06-Jun-2025 17:51:23.899 INFO [main] org.apache.catalina.startup.VersionLoggerListener.log Server version number: 9.0.105.0
06-Jun-2025 17:51:23.899 INFO [main] org.apache.catalina.startup.VersionLoggerListener.log OS Name:               Linux
06-Jun-2025 17:51:23.901 INFO [main] org.apache.catalina.startup.VersionLoggerListener.log OS Version:            5.10.237-230.948.amzn2.x86_64
06-Jun-2025 17:51:23.901 INFO [main] org.apache.catalina.startup.VersionLoggerListener.log Architecture:          amd64
06-Jun-2025 17:51:23.902 INFO [main] org.apache.catalina.startup.VersionLoggerListener.log Java Home:             /usr/lib/jvm/java-17-amazon-corretto.x86_64
06-Jun-2025 17:51:23.902 INFO [main] org.apache.catalina.startup.VersionLoggerListener.log JVM Version:           17.0.15+6-LTS
06-Jun-2025 17:51:23.902 INFO [main] org.apache.catalina.startup.VersionLoggerListener.log JVM Vendor:            Amazon.com Inc.
06-Jun-2025 17:51:23.902 INFO [main] org.apache.catalina.startup.VersionLoggerListener.log CATALINA_BASE:         /home/ec2-user/apache-tomcat-9.0.105
06-Jun-2025 17:51:23.902 INFO [main] org.apache.catalina.startup.VersionLoggerListener.log CATALINA_HOME:         /home/ec2-user/apache-tomcat-9.0.105
06-Jun-2025 17:51:23.912 INFO [main] org.apache.catalina.startup.VersionLoggerListener.log Command line argument: --add-opens=java.base/java.lang=ALL-UNNAMED
06-Jun-2025 17:51:23.912 INFO [main] org.apache.catalina.startup.VersionLoggerListener.log Command line argument: --add-opens=java.base/java.lang.invoke=ALL-UNNAMED
06-Jun-2025 17:51:23.912 INFO [main] org.apache.catalina.startup.VersionLoggerListener.log Command line argument: --add-opens=java.base/java.lang.reflect=ALL-UNNAMED
06-Jun-2025 17:51:23.912 INFO [main] org.apache.catalina.startup.VersionLoggerListener.log Command line argument: --add-opens=java.base/java.io=ALL-UNNAMED
06-Jun-2025 17:51:23.912 INFO [main] org.apache.catalina.startup.VersionLoggerListener.log Command line argument: --add-opens=java.base/java.util=ALL-UNNAMED
06-Jun-2025 17:51:23.912 INFO [main] org.apache.catalina.startup.VersionLoggerListener.log Command line argument: --add-opens=java.base/java.util.concurrent=ALL-UNNAMED
06-Jun-2025 17:51:23.912 INFO [main] org.apache.catalina.startup.VersionLoggerListener.log Command line argument: --add-opens=java.rmi/sun.rmi.transport=ALL-UNNAMED
06-Jun-2025 17:51:23.912 INFO [main] org.apache.catalina.startup.VersionLoggerListener.log Command line argument: -Djava.util.logging.config.file=/home/ec2-user/apache-tomcat-9.0.105/conf/logging.properties
06-Jun-2025 17:51:23.912 INFO [main] org.apache.catalina.startup.VersionLoggerListener.log Command line argument: -Djava.util.logging.manager=org.apache.juli.ClassLoaderLogManager
06-Jun-2025 17:51:23.912 INFO [main] org.apache.catalina.startup.VersionLoggerListener.log Command line argument: -Djdk.tls.ephemeralDHKeySize=2048
06-Jun-2025 17:51:23.918 INFO [main] org.apache.catalina.startup.VersionLoggerListener.log Command line argument: -Djava.protocol.handler.pkgs=org.apache.catalina.webresources
06-Jun-2025 17:51:23.918 INFO [main] org.apache.catalina.startup.VersionLoggerListener.log Command line argument: -Dsun.io.useCanonCaches=false
06-Jun-2025 17:51:23.918 INFO [main] org.apache.catalina.startup.VersionLoggerListener.log Command line argument: -Dorg.apache.catalina.security.SecurityListener.UMASK=0027
06-Jun-2025 17:51:23.918 INFO [main] org.apache.catalina.startup.VersionLoggerListener.log Command line argument: -Dignore.endorsed.dirs=
06-Jun-2025 17:51:23.920 INFO [main] org.apache.catalina.startup.VersionLoggerListener.log Command line argument: -Dcatalina.base=/home/ec2-user/apache-tomcat-9.0.105
06-Jun-2025 17:51:23.920 INFO [main] org.apache.catalina.startup.VersionLoggerListener.log Command line argument: -Dcatalina.home=/home/ec2-user/apache-tomcat-9.0.105
06-Jun-2025 17:51:23.920 INFO [main] org.apache.catalina.startup.VersionLoggerListener.log Command line argument: -Djava.io.tmpdir=/home/ec2-user/apache-tomcat-9.0.105/temp
06-Jun-2025 17:51:23.921 INFO [main] org.apache.catalina.core.AprLifecycleListener.lifecycleEvent The Apache Tomcat Native library which allows using OpenSSL was not found on the java.library.path: [/usr/java/packages/lib:/usr/lib64:/lib64:/lib:/usr/lib]
06-Jun-2025 17:51:24.587 INFO [main] org.apache.coyote.AbstractProtocol.init Initializing ProtocolHandler ["http-nio-9999"]
06-Jun-2025 17:51:24.640 INFO [main] org.apache.catalina.startup.Catalina.load Server initialization in [1126] milliseconds
06-Jun-2025 17:51:24.724 INFO [main] org.apache.catalina.core.StandardService.startInternal Starting service [Catalina]
06-Jun-2025 17:51:24.725 INFO [main] org.apache.catalina.core.StandardEngine.startInternal Starting Servlet engine: [Apache Tomcat/9.0.105]
06-Jun-2025 17:51:24.736 INFO [main] org.apache.catalina.startup.HostConfig.deployDirectory Deploying web application directory [/home/ec2-user/apache-tomcat-9.0.105/webapps/ROOT]
06-Jun-2025 17:51:25.272 INFO [main] org.apache.catalina.startup.HostConfig.deployDirectory Deployment of web application directory [/home/ec2-user/apache-tomcat-9.0.105/webapps/ROOT] has finished in [535] ms
06-Jun-2025 17:51:25.275 INFO [main] org.apache.catalina.startup.HostConfig.deployDirectory Deploying web application directory [/home/ec2-user/apache-tomcat-9.0.105/webapps/docs]
06-Jun-2025 17:51:25.343 INFO [main] org.apache.catalina.startup.HostConfig.deployDirectory Deployment of web application directory [/home/ec2-user/apache-tomcat-9.0.105/webapps/docs] has finished in [67] ms
06-Jun-2025 17:51:25.343 INFO [main] org.apache.catalina.startup.HostConfig.deployDirectory Deploying web application directory [/home/ec2-user/apache-tomcat-9.0.105/webapps/examples]
06-Jun-2025 17:51:25.783 INFO [main] org.apache.catalina.startup.HostConfig.deployDirectory Deployment of web application directory [/home/ec2-user/apache-tomcat-9.0.105/webapps/examples] has finished in [440] ms
06-Jun-2025 17:51:25.784 INFO [main] org.apache.catalina.startup.HostConfig.deployDirectory Deploying web application directory [/home/ec2-user/apache-tomcat-9.0.105/webapps/host-manager]
06-Jun-2025 17:51:25.824 INFO [main] org.apache.catalina.startup.HostConfig.deployDirectory Deployment of web application directory [/home/ec2-user/apache-tomcat-9.0.105/webapps/host-manager] has finished in [41] ms
06-Jun-2025 17:51:25.828 INFO [main] org.apache.catalina.startup.HostConfig.deployDirectory Deploying web application directory [/home/ec2-user/apache-tomcat-9.0.105/webapps/manager]
06-Jun-2025 17:51:25.872 INFO [main] org.apache.catalina.startup.HostConfig.deployDirectory Deployment of web application directory [/home/ec2-user/apache-tomcat-9.0.105/webapps/manager] has finished in [44] ms
06-Jun-2025 17:51:25.883 INFO [main] org.apache.coyote.AbstractProtocol.start Starting ProtocolHandler ["http-nio-9999"]
06-Jun-2025 17:51:25.917 INFO [main] org.apache.catalina.startup.Catalina.start Server startup in [1274] milliseconds
